<?xml version="1.0" encoding="UTF-8"?>
<!-- Generated by org.testng.reporters.JUnitXMLReporter -->
<testsuite ignored="0" hostname="ajikumars-MacBook-Pro.local" failures="0" tests="3" name="Default test" time="37.203" errors="0" timestamp="11 Jan 2021 17:49:41 GMT">
  <testcase classname="test.FWTest_ActitimeCreateEditDeleteTypeOfWork" name="CreateTOW" time="10.908"/>
  <testcase classname="test.FWTest_ActitimeCreateEditDeleteTypeOfWork" name="editTOW" time="16.901"/>
  <testcase classname="test.FWTest_ActitimeCreateEditDeleteTypeOfWork" name="DeleteTOW" time="3.244"/>
</testsuite> <!-- Default test -->
