<?xml version="1.0" encoding="UTF-8"?>
<testng-results ignored="0" total="3" passed="3" failed="0" skipped="0">
  <reporter-output>
    <line>
      <![CDATA[execution started]]>
    </line>
    <line>
      <![CDATA[execution is completed]]>
    </line>
  </reporter-output>
  <suite started-at="2021-01-11T17:49:04Z" name="Default suite" finished-at="2021-01-11T17:49:41Z" duration-ms="37203">
    <groups>
    </groups>
    <test started-at="2021-01-11T17:49:04Z" name="Default test" finished-at="2021-01-11T17:49:41Z" duration-ms="37203">
      <class name="test.FWTest_ActitimeCreateEditDeleteTypeOfWork">
        <test-method is-config="true" signature="executionstart()[pri:0, instance:test.FWTest_ActitimeCreateEditDeleteTypeOfWork@78b66d36]" started-at="2021-01-11T17:49:04Z" name="executionstart" finished-at="2021-01-11T17:49:04Z" duration-ms="6" status="PASS">
          <reporter-output>
            <line>
              <![CDATA[execution started]]>
            </line>
          </reporter-output>
        </test-method> <!-- executionstart -->
        <test-method is-config="true" signature="openbrowser()[pri:0, instance:test.FWTest_ActitimeCreateEditDeleteTypeOfWork@78b66d36]" started-at="2021-01-11T17:49:04Z" name="openbrowser" finished-at="2021-01-11T17:49:09Z" duration-ms="4649" status="PASS">
          <reporter-output>
          </reporter-output>
        </test-method> <!-- openbrowser -->
        <test-method is-config="true" signature="login()[pri:0, instance:test.FWTest_ActitimeCreateEditDeleteTypeOfWork@78b66d36]" started-at="2021-01-11T17:49:09Z" name="login" finished-at="2021-01-11T17:49:09Z" depends-on-methods="generics.FWGen_BaseTestActitime.openbrowser" duration-ms="608" status="PASS">
          <reporter-output>
          </reporter-output>
        </test-method> <!-- login -->
        <test-method signature="CreateTOW()[pri:0, instance:test.FWTest_ActitimeCreateEditDeleteTypeOfWork@78b66d36]" started-at="2021-01-11T17:49:09Z" name="CreateTOW" finished-at="2021-01-11T17:49:20Z" duration-ms="10908" status="PASS">
          <reporter-output>
          </reporter-output>
        </test-method> <!-- CreateTOW -->
        <test-method signature="editTOW()[pri:0, instance:test.FWTest_ActitimeCreateEditDeleteTypeOfWork@78b66d36]" started-at="2021-01-11T17:49:20Z" name="editTOW" finished-at="2021-01-11T17:49:37Z" duration-ms="16901" status="PASS">
          <reporter-output>
          </reporter-output>
        </test-method> <!-- editTOW -->
        <test-method signature="DeleteTOW()[pri:0, instance:test.FWTest_ActitimeCreateEditDeleteTypeOfWork@78b66d36]" started-at="2021-01-11T17:49:37Z" name="DeleteTOW" finished-at="2021-01-11T17:49:40Z" depends-on-methods="test.FWTest_ActitimeCreateEditDeleteTypeOfWork.CreateTOW" duration-ms="3244" status="PASS">
          <reporter-output>
          </reporter-output>
        </test-method> <!-- DeleteTOW -->
        <test-method is-config="true" signature="logout()[pri:0, instance:test.FWTest_ActitimeCreateEditDeleteTypeOfWork@78b66d36]" started-at="2021-01-11T17:49:40Z" name="logout" finished-at="2021-01-11T17:49:41Z" duration-ms="875" status="PASS">
          <reporter-output>
          </reporter-output>
        </test-method> <!-- logout -->
        <test-method is-config="true" signature="closebrowser()[pri:0, instance:test.FWTest_ActitimeCreateEditDeleteTypeOfWork@78b66d36]" started-at="2021-01-11T17:49:41Z" name="closebrowser" finished-at="2021-01-11T17:49:41Z" depends-on-methods="generics.FWGen_BaseTestActitime.logout" duration-ms="0" status="PASS">
          <reporter-output>
          </reporter-output>
        </test-method> <!-- closebrowser -->
        <test-method is-config="true" signature="executioncompleted()[pri:0, instance:test.FWTest_ActitimeCreateEditDeleteTypeOfWork@78b66d36]" started-at="2021-01-11T17:49:41Z" name="executioncompleted" finished-at="2021-01-11T17:49:41Z" duration-ms="0" status="PASS">
          <reporter-output>
            <line>
              <![CDATA[execution is completed]]>
            </line>
          </reporter-output>
        </test-method> <!-- executioncompleted -->
      </class> <!-- test.FWTest_ActitimeCreateEditDeleteTypeOfWork -->
    </test> <!-- Default test -->
  </suite> <!-- Default suite -->
</testng-results>
